Using pre-set license
Built from '2020.3/staging' branch; Version is '2020.3.25f1 (9b9180224418) revision 10195328'; Using compiler version '192528614'; Build Type 'Release'
OS: 'Windows 10  (10.0.19042) 64bit Core' Language: 'ko' Physical Memory: 8049 MB
BatchMode: 1, IsHumanControllingUs: 0, StartBugReporterOnCrash: 0, Is64bit: 1, IsPro: 0

COMMAND LINE ARGUMENTS:
C:\Program Files\Unity\Hub\Editor\2020.3.25f1\Editor\Unity.exe
-adb2
-batchMode
-noUpm
-name
AssetImportWorker0
-projectPath
C:/MyUnity/강혜빈_ChocoBOneshot
-logFile
Logs/AssetImportWorker0.log
-srvPort
59932
Successfully changed project path to: C:/MyUnity/강혜빈_ChocoBOneshot
C:/MyUnity/강혜빈_ChocoBOneshot
Using Asset Import Pipeline V2.
Refreshing native plugins compatible for Editor in 103.97 ms, found 5 plugins.
Preloading 0 native plugins for Editor in 0.00 ms.
Initialize engine version: 2020.3.25f1 (9b9180224418)
[Subsystems] Discovering subsystems at path C:/Program Files/Unity/Hub/Editor/2020.3.25f1/Editor/Data/Resources/UnitySubsystems
[Subsystems] Discovering subsystems at path C:/MyUnity/강혜빈_ChocoBOneshot/Assets
GfxDevice: creating device client; threaded=0
Direct3D:
    Version:  Direct3D 11.0 [level 11.1]
    Renderer: Intel(R) UHD Graphics 620 (ID=0x3ea0)
    Vendor:   
    VRAM:     4024 MB
    Driver:   26.20.100.7324
Initialize mono
Mono path[0] = 'C:/Program Files/Unity/Hub/Editor/2020.3.25f1/Editor/Data/Managed'
Mono path[1] = 'C:/Program Files/Unity/Hub/Editor/2020.3.25f1/Editor/Data/MonoBleedingEdge/lib/mono/unityjit'
Mono config path = 'C:/Program Files/Unity/Hub/Editor/2020.3.25f1/Editor/Data/MonoBleedingEdge/etc'
Using monoOptions --debugger-agent=transport=dt_socket,embedding=1,server=y,suspend=n,address=127.0.0.1:56984
Begin MonoManager ReloadAssembly
Registering precompiled unity dll's ...
Register platform support module: C:/Program Files/Unity/Hub/Editor/2020.3.25f1/Editor/Data/PlaybackEngines/WindowsStandaloneSupport/UnityEditor.WindowsStandalone.Extensions.dll
Registered in 0.009429 seconds.
Native extension for WindowsStandalone target not found
Refreshing native plugins compatible for Editor in 58.02 ms, found 5 plugins.
Preloading 0 native plugins for Editor in 0.00 ms.
Mono: successfully reloaded assembly
- Completed reload, in  1.153 seconds
Domain Reload Profiling:
	ReloadAssembly (1153ms)
		BeginReloadAssembly (319ms)
			ExecutionOrderSort (0ms)
			DisableScriptedObjects (0ms)
			BackupInstance (0ms)
			ReleaseScriptingObjects (0ms)
			CreateAndSetChildDomain (1ms)
		EndReloadAssembly (680ms)
			LoadAssemblies (303ms)
			RebuildTransferFunctionScriptingTraits (0ms)
			SetupTypeCache (199ms)
			ReleaseScriptCaches (0ms)
			RebuildScriptCaches (41ms)
			SetupLoadedEditorAssemblies (230ms)
				LogAssemblyErrors (0ms)
				InitializePlatformSupportModulesInManaged (7ms)
				SetLoadedEditorAssemblies (0ms)
				RefreshPlugins (58ms)
				BeforeProcessingInitializeOnLoad (15ms)
				ProcessInitializeOnLoadAttributes (103ms)
				ProcessInitializeOnLoadMethodAttributes (45ms)
				AfterProcessingInitializeOnLoad (0ms)
				EditorAssembliesLoaded (1ms)
			ExecutionOrderSort2 (0ms)
			AwakeInstancesAfterBackupRestoration (0ms)
Platform modules already initialized, skipping
Registering precompiled user dll's ...
Registered in 0.033207 seconds.
Begin MonoManager ReloadAssembly
Native extension for WindowsStandalone target not found
Refreshing native plugins compatible for Editor in 0.49 ms, found 5 plugins.
Preloading 0 native plugins for Editor in 0.00 ms.
Mono: successfully reloaded assembly
- Completed reload, in  2.336 seconds
Domain Reload Profiling:
	ReloadAssembly (2341ms)
		BeginReloadAssembly (321ms)
			ExecutionOrderSort (0ms)
			DisableScriptedObjects (10ms)
			BackupInstance (0ms)
			ReleaseScriptingObjects (0ms)
			CreateAndSetChildDomain (34ms)
		EndReloadAssembly (1862ms)
			LoadAssemblies (254ms)
			RebuildTransferFunctionScriptingTraits (0ms)
			SetupTypeCache (654ms)
			ReleaseScriptCaches (0ms)
			RebuildScriptCaches (57ms)
			SetupLoadedEditorAssemblies (706ms)
				LogAssemblyErrors (0ms)
				InitializePlatformSupportModulesInManaged (6ms)
				SetLoadedEditorAssemblies (1ms)
				RefreshPlugins (1ms)
				BeforeProcessingInitializeOnLoad (184ms)
				ProcessInitializeOnLoadAttributes (461ms)
				ProcessInitializeOnLoadMethodAttributes (16ms)
				AfterProcessingInitializeOnLoad (37ms)
				EditorAssembliesLoaded (0ms)
			ExecutionOrderSort2 (0ms)
			AwakeInstancesAfterBackupRestoration (10ms)
Platform modules already initialized, skipping
========================================================================
Worker process is ready to serve import requests
Launched and connected shader compiler UnityShaderCompiler.exe after 0.10 seconds
Refreshing native plugins compatible for Editor in 0.56 ms, found 5 plugins.
Preloading 0 native plugins for Editor in 0.00 ms.
Unloading 1796 Unused Serialized files (Serialized files now loaded: 0)
System memory in use before: 81.0 MB.
System memory in use after: 81.0 MB.

Unloading 27 unused Assets to reduce memory usage. Loaded Objects now: 2223.
Total: 3.543000 ms (FindLiveObjects: 0.155900 ms CreateObjectMapping: 0.061000 ms MarkObjects: 3.176500 ms  DeleteObjects: 0.147800 ms)

AssetImportParameters requested are different than current active one (requested -> active):
  custom:framework-win-MediaFoundation: 216162199b28c13a410421893ffa2e32 -> 
  custom:video-decoder-ogg-theora: a1e56fd34408186e4bbccfd4996cb3dc -> 
  custom:container-muxer-webm: aa71ff27fc2769a1b78a27578f13a17b -> 
  custom:container-demuxer-webm: 4f35f7cbe854078d1ac9338744f61a02 -> 
  custom:container-demuxer-ogg: 62fdf1f143b41e24485cea50d1cbac27 -> 
  custom:video-encoder-webm-vp8: eb34c28f22e8b96e1ab97ce403110664 -> 
  custom:video-codec-MediaFoundation-h265: 746d11721c4dcdbdad8f713fa42b33f4 -> 
  custom:video-decoder-webm-vp8: 9c59270c3fd7afecdb556c50c9e8de78 -> 
  custom:audio-decoder-ogg-vorbis: bf7c407c2cedff20999df2af8eb42d56 -> 
  custom:audio-encoder-webm-vorbis: bf7c407c2cedff20999df2af8eb42d56 -> 
========================================================================
Received Import Request.
  path: Assets/Script/ZG.cs
  artifactKey: Guid(14fb7ccea5b220445939d95f7bbbeefe) Importer(815301076,1909f56bfc062723c751e8b465ee728b)
Start importing Assets/Script/ZG.cs using Guid(14fb7ccea5b220445939d95f7bbbeefe) Importer(815301076,1909f56bfc062723c751e8b465ee728b)  -> (artifact id: '0680d632a6c07cbab33121464ecdffd1') in 0.052282 seconds 
  Import took 0.058252 seconds .

========================================================================
Received Import Request.
  Time since last request: 0.000688 seconds.
  path: Assets/Script/MG.cs
  artifactKey: Guid(b78f22d80e145e94189a2c7de7a410ae) Importer(815301076,1909f56bfc062723c751e8b465ee728b)
Start importing Assets/Script/MG.cs using Guid(b78f22d80e145e94189a2c7de7a410ae) Importer(815301076,1909f56bfc062723c751e8b465ee728b)  -> (artifact id: '936525851a2b5cdb7c6b4ce2c5ab577e') in 0.008574 seconds 
  Import took 0.012923 seconds .

========================================================================
Received Import Request.
  Time since last request: 1656.491440 seconds.
  path: Assets/Animation/CS.controller
  artifactKey: Guid(cf4256943c640e14cb9bbc96d4e8db18) Importer(815301076,1909f56bfc062723c751e8b465ee728b)
Start importing Assets/Animation/CS.controller using Guid(cf4256943c640e14cb9bbc96d4e8db18) Importer(815301076,1909f56bfc062723c751e8b465ee728b)  -> (artifact id: '2a4b527c0078be02bc8a4190e4ab42b9') in 0.105077 seconds 
  Import took 0.117665 seconds .

========================================================================
Received Import Request.
  Time since last request: 8.623493 seconds.
  path: Assets/Animation/HN.controller
  artifactKey: Guid(17e7d89ed76baab4785186bd1c42b070) Importer(815301076,1909f56bfc062723c751e8b465ee728b)
Start importing Assets/Animation/HN.controller using Guid(17e7d89ed76baab4785186bd1c42b070) Importer(815301076,1909f56bfc062723c751e8b465ee728b)  -> (artifact id: '5511c94be6f40f19aad3b1116a011bb2') in 0.139683 seconds 
  Import took 0.156266 seconds .

========================================================================
Received Import Request.
  Time since last request: 2.690839 seconds.
  path: Assets/Animation/MG.controller
  artifactKey: Guid(9d3f1f42b817de14e9615bdc3aab1145) Importer(815301076,1909f56bfc062723c751e8b465ee728b)
Start importing Assets/Animation/MG.controller using Guid(9d3f1f42b817de14e9615bdc3aab1145) Importer(815301076,1909f56bfc062723c751e8b465ee728b)  -> (artifact id: '4ab93f8b8f57f284ae6693604c13394b') in 0.057093 seconds 
  Import took 0.065407 seconds .

========================================================================
Received Import Request.
  Time since last request: 1.933268 seconds.
  path: Assets/Animation/ZG.controller
  artifactKey: Guid(041bec210c844d248a4cb12d5aba0821) Importer(815301076,1909f56bfc062723c751e8b465ee728b)
Start importing Assets/Animation/ZG.controller using Guid(041bec210c844d248a4cb12d5aba0821) Importer(815301076,1909f56bfc062723c751e8b465ee728b)  -> (artifact id: 'c5fa59c34d17d39e71b4419eb946c2da') in 0.064352 seconds 
  Import took 0.074208 seconds .

AssetImportWorkerClient::OnTransportError - code=2 error=End of file
